Build started 2015-11-12 오전 10:56:40.
     1>Project "C:\Users\P35\Documents\Visual Studio 2013\Projects\Live555\liveMedia\liveMedia.vcxproj" on node 2 (Build target(s)).
     1>ClCompile:
         C:\Program Files (x86)\Microsoft Visual Studio 12.0\VC\bin\CL.exe /c /Zi /nologo /W3 /WX- /sdl /O2 /Oi /Oy- /GL /D WIN32 /D NDEBUG /D _LIB /D _UNICODE /D UNICODE /D _WINSOCK_DEPRECATED_NO_WARNINGS /D _CRT_SECURE_NO_WARNINGS /Gm- /EHsc /MD /GS /Gy /fp:precise /Zc:wchar_t /Zc:forScope /Fo"Release\\" /Fd"Release\vc120.pdb" /Gd /TP /analyze- /errorReport:prompt AC3AudioFileServerMediaSubsession.cpp AC3AudioRTPSink.cpp AC3AudioRTPSource.cpp AC3AudioStreamFramer.cpp ADTSAudioFileServerMediaSubsession.cpp ADTSAudioFileSource.cpp AMRAudioFileServerMediaSubsession.cpp AMRAudioFileSink.cpp AMRAudioFileSource.cpp AMRAudioRTPSink.cpp AMRAudioRTPSource.cpp AMRAudioSource.cpp AudioInputDevice.cpp AudioRTPSink.cpp AVIFileSink.cpp Base64.cpp BasicUDPSink.cpp BasicUDPSource.cpp BitVector.cpp ByteStreamFileSource.cpp ByteStreamMemoryBufferSource.cpp ByteStreamMultiFileSource.cpp DeviceSource.cpp DigestAuthentication.cpp DVVideoFileServerMediaSubsession.cpp DVVideoRTPSink.cpp DVVideoRTPSource.cpp DVVideoStreamFramer.cpp EBMLNumber.cpp FileServerMediaSubsession.cpp FileSink.cpp FramedFileSource.cpp FramedFilter.cpp FramedSource.cpp GenericMediaServer.cpp GSMAudioRTPSink.cpp H261VideoRTPSource.cpp H263plusVideoFileServerMediaSubsession.cpp H263plusVideoRTPSink.cpp H263plusVideoRTPSource.cpp H263plusVideoStreamFramer.cpp H263plusVideoStreamParser.cpp H264or5VideoFileSink.cpp H264or5VideoRTPSink.cpp H264or5VideoStreamDiscreteFramer.cpp H264or5VideoStreamFramer.cpp H264VideoFileServerMediaSubsession.cpp H264VideoFileSink.cpp H264VideoRTPSink.cpp H264VideoRTPSource.cpp H264VideoStreamDiscreteFramer.cpp H264VideoStreamFramer.cpp H265VideoFileServerMediaSubsession.cpp H265VideoFileSink.cpp H265VideoRTPSink.cpp H265VideoRTPSource.cpp H265VideoStreamDiscreteFramer.cpp H265VideoStreamFramer.cpp InputFile.cpp JPEGVideoRTPSink.cpp JPEGVideoRTPSource.cpp JPEGVideoSource.cpp Locale.cpp MatroskaDemuxedTrack.cpp MatroskaFile.cpp MatroskaFileParser.cpp MatroskaFileServerDemux.cpp MatroskaFileServerMediaSubsession.cpp Media.cpp MediaSession.cpp MediaSink.cpp MediaSource.cpp MP3ADU.cpp MP3ADUdescriptor.cpp MP3ADUinterleaving.cpp MP3ADURTPSink.cpp MP3ADURTPSource.cpp MP3ADUTranscoder.cpp MP3AudioFileServerMediaSubsession.cpp MP3AudioMatroskaFileServerMediaSubsession.cpp MP3FileSource.cpp MP3Internals.cpp MP3InternalsHuffman.cpp MP3InternalsHuffmanTable.cpp MP3StreamState.cpp MP3Transcoder.cpp MPEG1or2AudioRTPSink.cpp MPEG1or2AudioRTPSource.cpp MPEG1or2AudioStreamFramer.cpp MPEG1or2Demux.cpp MPEG1or2DemuxedElementaryStream.cpp MPEG1or2DemuxedServerMediaSubsession.cpp MPEG1or2FileServerDemux.cpp MPEG1or2VideoFileServerMediaSubsession.cpp MPEG1or2VideoRTPSink.cpp MPEG1or2VideoRTPSource.cpp MPEG1or2VideoStreamDiscreteFramer.cpp MPEG1or2VideoStreamFramer.cpp MPEG2IndexFromTransportStream.cpp MPEG2TransportFileServerMediaSubsession.cpp MPEG2TransportStreamFramer.cpp MPEG2TransportStreamFromESSource.cpp MPEG2TransportStreamFromPESSource.cpp MPEG2TransportStreamIndexFile.cpp MPEG2TransportStreamMultiplexor.cpp MPEG2TransportStreamTrickModeFilter.cpp MPEG2TransportUDPServerMediaSubsession.cpp MPEG4ESVideoRTPSink.cpp MPEG4ESVideoRTPSource.cpp MPEG4GenericRTPSink.cpp MPEG4GenericRTPSource.cpp MPEG4LATMAudioRTPSink.cpp MPEG4LATMAudioRTPSource.cpp MPEG4VideoFileServerMediaSubsession.cpp MPEG4VideoStreamDiscreteFramer.cpp MPEG4VideoStreamFramer.cpp MPEGVideoStreamFramer.cpp MPEGVideoStreamParser.cpp MultiFramedRTPSink.cpp MultiFramedRTPSource.cpp OggDemuxedTrack.cpp OggFile.cpp OggFileParser.cpp OggFileServerDemux.cpp OggFileServerMediaSubsession.cpp OggFileSink.cpp OnDemandServerMediaSubsession.cpp ourMD5.cpp OutputFile.cpp PassiveServerMediaSubsession.cpp ProxyServerMediaSession.cpp QCELPAudioRTPSource.cpp QuickTimeFileSink.cpp QuickTimeGenericRTPSource.cpp RTCP.cpp RTPInterface.cpp RTPSink.cpp RTPSource.cpp RTSPClient.cpp RTSPCommon.cpp RTSPRegisterSender.cpp RTSPServer.cpp RTSPServerSupportingHTTPStreaming.cpp ServerMediaSession.cpp SimpleRTPSink.cpp SimpleRTPSource.cpp SIPClient.cpp StreamParser.cpp StreamReplicator.cpp T140TextRTPSink.cpp TCPStreamSink.cpp TextRTPSink.cpp TheoraVideoRTPSink.cpp TheoraVideoRTPSource.cpp uLawAudioFilter.cpp VideoRTPSink.cpp VorbisAudioRTPSink.cpp VorbisAudioRTPSource.cpp VP8VideoRTPSink.cpp VP8VideoRTPSource.cpp VP9VideoRTPSink.cpp VP9VideoRTPSource.cpp WAVAudioFileServerMediaSubsession.cpp WAVAudioFileSource.cpp
         AC3AudioFileServerMediaSubsession.cpp
         AC3AudioRTPSink.cpp
         AC3AudioRTPSource.cpp
         AC3AudioStreamFramer.cpp
         ADTSAudioFileServerMediaSubsession.cpp
         ADTSAudioFileSource.cpp
         AMRAudioFileServerMediaSubsession.cpp
         AMRAudioFileSink.cpp
         AMRAudioFileSource.cpp
         AMRAudioRTPSink.cpp
         AMRAudioRTPSource.cpp
         AMRAudioSource.cpp
         AudioInputDevice.cpp
         AudioRTPSink.cpp
         AVIFileSink.cpp
         Base64.cpp
         BasicUDPSink.cpp
         BasicUDPSource.cpp
         BitVector.cpp
         ByteStreamFileSource.cpp
         Compiling...
         ByteStreamMemoryBufferSource.cpp
         ByteStreamMultiFileSource.cpp
         DeviceSource.cpp
         DigestAuthentication.cpp
         DVVideoFileServerMediaSubsession.cpp
         DVVideoRTPSink.cpp
         DVVideoRTPSource.cpp
         DVVideoStreamFramer.cpp
         EBMLNumber.cpp
         FileServerMediaSubsession.cpp
         FileSink.cpp
         FramedFileSource.cpp
         FramedFilter.cpp
         FramedSource.cpp
         GenericMediaServer.cpp
         GSMAudioRTPSink.cpp
         H261VideoRTPSource.cpp
         H263plusVideoFileServerMediaSubsession.cpp
         H263plusVideoRTPSink.cpp
         H263plusVideoRTPSource.cpp
         Compiling...
         H263plusVideoStreamFramer.cpp
         H263plusVideoStreamParser.cpp
         H264or5VideoFileSink.cpp
         H264or5VideoRTPSink.cpp
         H264or5VideoStreamDiscreteFramer.cpp
         H264or5VideoStreamFramer.cpp
     1>H264or5VideoStreamFramer.cpp(670): warning C4018: '<' : signed/unsigned mismatch
         H264VideoFileServerMediaSubsession.cpp
         H264VideoFileSink.cpp
         H264VideoRTPSink.cpp
         H264VideoRTPSource.cpp
         H264VideoStreamDiscreteFramer.cpp
         H264VideoStreamFramer.cpp
         H265VideoFileServerMediaSubsession.cpp
         H265VideoFileSink.cpp
         H265VideoRTPSink.cpp
         H265VideoRTPSource.cpp
         H265VideoStreamDiscreteFramer.cpp
         H265VideoStreamFramer.cpp
         InputFile.cpp
         JPEGVideoRTPSink.cpp
         Compiling...
         JPEGVideoRTPSource.cpp
         JPEGVideoSource.cpp
         Locale.cpp
         MatroskaDemuxedTrack.cpp
         MatroskaFile.cpp
         MatroskaFileParser.cpp
         MatroskaFileServerDemux.cpp
         MatroskaFileServerMediaSubsession.cpp
         Media.cpp
         MediaSession.cpp
         MediaSink.cpp
         MediaSource.cpp
         MP3ADU.cpp
         MP3ADUdescriptor.cpp
         MP3ADUinterleaving.cpp
         MP3ADURTPSink.cpp
         MP3ADURTPSource.cpp
         MP3ADUTranscoder.cpp
         MP3AudioFileServerMediaSubsession.cpp
         MP3AudioMatroskaFileServerMediaSubsession.cpp
         Compiling...
         MP3FileSource.cpp
         MP3Internals.cpp
         MP3InternalsHuffman.cpp
         MP3InternalsHuffmanTable.cpp
         MP3StreamState.cpp
         MP3Transcoder.cpp
         MPEG1or2AudioRTPSink.cpp
         MPEG1or2AudioRTPSource.cpp
         MPEG1or2AudioStreamFramer.cpp
         MPEG1or2Demux.cpp
         MPEG1or2DemuxedElementaryStream.cpp
         MPEG1or2DemuxedServerMediaSubsession.cpp
         MPEG1or2FileServerDemux.cpp
         MPEG1or2VideoFileServerMediaSubsession.cpp
         MPEG1or2VideoRTPSink.cpp
         MPEG1or2VideoRTPSource.cpp
         MPEG1or2VideoStreamDiscreteFramer.cpp
         MPEG1or2VideoStreamFramer.cpp
         MPEG2IndexFromTransportStream.cpp
         MPEG2TransportFileServerMediaSubsession.cpp
         Compiling...
         MPEG2TransportStreamFramer.cpp
         MPEG2TransportStreamFromESSource.cpp
         MPEG2TransportStreamFromPESSource.cpp
         MPEG2TransportStreamIndexFile.cpp
         MPEG2TransportStreamMultiplexor.cpp
         MPEG2TransportStreamTrickModeFilter.cpp
         MPEG2TransportUDPServerMediaSubsession.cpp
         MPEG4ESVideoRTPSink.cpp
         MPEG4ESVideoRTPSource.cpp
         MPEG4GenericRTPSink.cpp
         MPEG4GenericRTPSource.cpp
         MPEG4LATMAudioRTPSink.cpp
         MPEG4LATMAudioRTPSource.cpp
         MPEG4VideoFileServerMediaSubsession.cpp
         MPEG4VideoStreamDiscreteFramer.cpp
         MPEG4VideoStreamFramer.cpp
         MPEGVideoStreamFramer.cpp
         MPEGVideoStreamParser.cpp
         MultiFramedRTPSink.cpp
         MultiFramedRTPSource.cpp
         Compiling...
         OggDemuxedTrack.cpp
         OggFile.cpp
         OggFileParser.cpp
         OggFileServerDemux.cpp
         OggFileServerMediaSubsession.cpp
         OggFileSink.cpp
         OnDemandServerMediaSubsession.cpp
         ourMD5.cpp
         OutputFile.cpp
         PassiveServerMediaSubsession.cpp
         ProxyServerMediaSession.cpp
         QCELPAudioRTPSource.cpp
         QuickTimeFileSink.cpp
         QuickTimeGenericRTPSource.cpp
         RTCP.cpp
         RTPInterface.cpp
         RTPSink.cpp
         RTPSource.cpp
         RTSPClient.cpp
         RTSPCommon.cpp
         Compiling...
         RTSPRegisterSender.cpp
         RTSPServer.cpp
         RTSPServerSupportingHTTPStreaming.cpp
         ServerMediaSession.cpp
         SimpleRTPSink.cpp
         SimpleRTPSource.cpp
         SIPClient.cpp
         StreamParser.cpp
         StreamReplicator.cpp
         T140TextRTPSink.cpp
         TCPStreamSink.cpp
         TextRTPSink.cpp
         TheoraVideoRTPSink.cpp
         TheoraVideoRTPSource.cpp
         uLawAudioFilter.cpp
         VideoRTPSink.cpp
         VorbisAudioRTPSink.cpp
         VorbisAudioRTPSource.cpp
         VP8VideoRTPSink.cpp
         VP8VideoRTPSource.cpp
         Compiling...
         VP9VideoRTPSink.cpp
         VP9VideoRTPSource.cpp
         WAVAudioFileServerMediaSubsession.cpp
         WAVAudioFileSource.cpp
         C:\Program Files (x86)\Microsoft Visual Studio 12.0\VC\bin\CL.exe /c /Zi /nologo /W3 /WX- /sdl /O2 /Oi /Oy- /GL /D WIN32 /D NDEBUG /D _LIB /D _UNICODE /D UNICODE /D _WINSOCK_DEPRECATED_NO_WARNINGS /D _CRT_SECURE_NO_WARNINGS /Gm- /EHsc /MD /GS /Gy /fp:precise /Zc:wchar_t /Zc:forScope /Fo"Release\\" /Fd"Release\vc120.pdb" /Gd /TC /analyze- /errorReport:prompt rtcp_from_spec.c
         rtcp_from_spec.c
       Lib:
         C:\Program Files (x86)\Microsoft Visual Studio 12.0\VC\bin\Lib.exe /OUT:"C:\Users\P35\Documents\Visual Studio 2013\Projects\Live555\Release\liveMedia.lib" /NOLOGO /LTCG Release\AC3AudioFileServerMediaSubsession.obj
         Release\AC3AudioRTPSink.obj
         Release\AC3AudioRTPSource.obj
         Release\AC3AudioStreamFramer.obj
         Release\ADTSAudioFileServerMediaSubsession.obj
         Release\ADTSAudioFileSource.obj
         Release\AMRAudioFileServerMediaSubsession.obj
         Release\AMRAudioFileSink.obj
         Release\AMRAudioFileSource.obj
         Release\AMRAudioRTPSink.obj
         Release\AMRAudioRTPSource.obj
         Release\AMRAudioSource.obj
         Release\AudioInputDevice.obj
         Release\AudioRTPSink.obj
         Release\AVIFileSink.obj
         Release\Base64.obj
         Release\BasicUDPSink.obj
         Release\BasicUDPSource.obj
         Release\BitVector.obj
         Release\ByteStreamFileSource.obj
         Release\ByteStreamMemoryBufferSource.obj
         Release\ByteStreamMultiFileSource.obj
         Release\DeviceSource.obj
         Release\DigestAuthentication.obj
         Release\DVVideoFileServerMediaSubsession.obj
         Release\DVVideoRTPSink.obj
         Release\DVVideoRTPSource.obj
         Release\DVVideoStreamFramer.obj
         Release\EBMLNumber.obj
         Release\FileServerMediaSubsession.obj
         Release\FileSink.obj
         Release\FramedFileSource.obj
         Release\FramedFilter.obj
         Release\FramedSource.obj
         Release\GenericMediaServer.obj
         Release\GSMAudioRTPSink.obj
         Release\H261VideoRTPSource.obj
         Release\H263plusVideoFileServerMediaSubsession.obj
         Release\H263plusVideoRTPSink.obj
         Release\H263plusVideoRTPSource.obj
         Release\H263plusVideoStreamFramer.obj
         Release\H263plusVideoStreamParser.obj
         Release\H264or5VideoFileSink.obj
         Release\H264or5VideoRTPSink.obj
         Release\H264or5VideoStreamDiscreteFramer.obj
         Release\H264or5VideoStreamFramer.obj
         Release\H264VideoFileServerMediaSubsession.obj
         Release\H264VideoFileSink.obj
         Release\H264VideoRTPSink.obj
         Release\H264VideoRTPSource.obj
         Release\H264VideoStreamDiscreteFramer.obj
         Release\H264VideoStreamFramer.obj
         Release\H265VideoFileServerMediaSubsession.obj
         Release\H265VideoFileSink.obj
         Release\H265VideoRTPSink.obj
         Release\H265VideoRTPSource.obj
         Release\H265VideoStreamDiscreteFramer.obj
         Release\H265VideoStreamFramer.obj
         Release\InputFile.obj
         Release\JPEGVideoRTPSink.obj
         Release\JPEGVideoRTPSource.obj
         Release\JPEGVideoSource.obj
         Release\Locale.obj
         Release\MatroskaDemuxedTrack.obj
         Release\MatroskaFile.obj
         Release\MatroskaFileParser.obj
         Release\MatroskaFileServerDemux.obj
         Release\MatroskaFileServerMediaSubsession.obj
         Release\Media.obj
         Release\MediaSession.obj
         Release\MediaSink.obj
         Release\MediaSource.obj
         Release\MP3ADU.obj
         Release\MP3ADUdescriptor.obj
         Release\MP3ADUinterleaving.obj
         Release\MP3ADURTPSink.obj
         Release\MP3ADURTPSource.obj
         Release\MP3ADUTranscoder.obj
         Release\MP3AudioFileServerMediaSubsession.obj
         Release\MP3AudioMatroskaFileServerMediaSubsession.obj
         Release\MP3FileSource.obj
         Release\MP3Internals.obj
         Release\MP3InternalsHuffman.obj
         Release\MP3InternalsHuffmanTable.obj
         Release\MP3StreamState.obj
         Release\MP3Transcoder.obj
         Release\MPEG1or2AudioRTPSink.obj
         Release\MPEG1or2AudioRTPSource.obj
         Release\MPEG1or2AudioStreamFramer.obj
         Release\MPEG1or2Demux.obj
         Release\MPEG1or2DemuxedElementaryStream.obj
         Release\MPEG1or2DemuxedServerMediaSubsession.obj
         Release\MPEG1or2FileServerDemux.obj
         Release\MPEG1or2VideoFileServerMediaSubsession.obj
         Release\MPEG1or2VideoRTPSink.obj
         Release\MPEG1or2VideoRTPSource.obj
         Release\MPEG1or2VideoStreamDiscreteFramer.obj
         Release\MPEG1or2VideoStreamFramer.obj
         Release\MPEG2IndexFromTransportStream.obj
         Release\MPEG2TransportFileServerMediaSubsession.obj
         Release\MPEG2TransportStreamFramer.obj
         Release\MPEG2TransportStreamFromESSource.obj
         Release\MPEG2TransportStreamFromPESSource.obj
         Release\MPEG2TransportStreamIndexFile.obj
         Release\MPEG2TransportStreamMultiplexor.obj
         Release\MPEG2TransportStreamTrickModeFilter.obj
         Release\MPEG2TransportUDPServerMediaSubsession.obj
         Release\MPEG4ESVideoRTPSink.obj
         Release\MPEG4ESVideoRTPSource.obj
         Release\MPEG4GenericRTPSink.obj
         Release\MPEG4GenericRTPSource.obj
         Release\MPEG4LATMAudioRTPSink.obj
         Release\MPEG4LATMAudioRTPSource.obj
         Release\MPEG4VideoFileServerMediaSubsession.obj
         Release\MPEG4VideoStreamDiscreteFramer.obj
         Release\MPEG4VideoStreamFramer.obj
         Release\MPEGVideoStreamFramer.obj
         Release\MPEGVideoStreamParser.obj
         Release\MultiFramedRTPSink.obj
         Release\MultiFramedRTPSource.obj
         Release\OggDemuxedTrack.obj
         Release\OggFile.obj
         Release\OggFileParser.obj
         Release\OggFileServerDemux.obj
         Release\OggFileServerMediaSubsession.obj
         Release\OggFileSink.obj
         Release\OnDemandServerMediaSubsession.obj
         Release\ourMD5.obj
         Release\OutputFile.obj
         Release\PassiveServerMediaSubsession.obj
         Release\ProxyServerMediaSession.obj
         Release\QCELPAudioRTPSource.obj
         Release\QuickTimeFileSink.obj
         Release\QuickTimeGenericRTPSource.obj
         Release\RTCP.obj
         Release\rtcp_from_spec.obj
         Release\RTPInterface.obj
         Release\RTPSink.obj
         Release\RTPSource.obj
         Release\RTSPClient.obj
         Release\RTSPCommon.obj
         Release\RTSPRegisterSender.obj
         Release\RTSPServer.obj
         Release\RTSPServerSupportingHTTPStreaming.obj
         Release\ServerMediaSession.obj
         Release\SimpleRTPSink.obj
         Release\SimpleRTPSource.obj
         Release\SIPClient.obj
         Release\StreamParser.obj
         Release\StreamReplicator.obj
         Release\T140TextRTPSink.obj
         Release\TCPStreamSink.obj
         Release\TextRTPSink.obj
         Release\TheoraVideoRTPSink.obj
         Release\TheoraVideoRTPSource.obj
         Release\uLawAudioFilter.obj
         Release\VideoRTPSink.obj
         Release\VorbisAudioRTPSink.obj
         Release\VorbisAudioRTPSource.obj
         Release\VP8VideoRTPSink.obj
         Release\VP8VideoRTPSource.obj
         Release\VP9VideoRTPSink.obj
         Release\VP9VideoRTPSource.obj
         Release\WAVAudioFileServerMediaSubsession.obj
         Release\WAVAudioFileSource.obj
         liveMedia.vcxproj -> C:\Users\P35\Documents\Visual Studio 2013\Projects\Live555\Release\liveMedia.lib
     1>Done Building Project "C:\Users\P35\Documents\Visual Studio 2013\Projects\Live555\liveMedia\liveMedia.vcxproj" (Build target(s)).

Build succeeded.

Time Elapsed 00:01:02.51
