Build started 2015-11-16 오후 12:03:37.
     1>Project "C:\Users\P35\Documents\Visual Studio 2013\Projects\Live555\BasicUsageEnvironment\BasicUsageEnvironment.vcxproj" on node 2 (Rebuild target(s)).
     1>ClCompile:
         C:\Program Files (x86)\Microsoft Visual Studio 12.0\VC\bin\CL.exe /c /Zi /nologo /W3 /WX- /sdl /O2 /Oi /Oy- /GL /D WIN32 /D NDEBUG /D _LIB /D _UNICODE /D UNICODE /D _WINSOCK_DEPRECATED_NO_WARNINGS /D _CRT_SECURE_NO_WARNINGS /Gm- /EHsc /MD /GS /Gy /fp:precise /Zc:wchar_t /Zc:forScope /Fo"Release\\" /Fd"Release\vc120.pdb" /Gd /TP /analyze- /errorReport:prompt BasicHashTable.cpp BasicTaskScheduler.cpp BasicTaskScheduler0.cpp BasicUsageEnvironment.cpp BasicUsageEnvironment0.cpp DelayQueue.cpp
         BasicHashTable.cpp
         BasicTaskScheduler.cpp
         BasicTaskScheduler0.cpp
         BasicUsageEnvironment.cpp
         BasicUsageEnvironment0.cpp
         DelayQueue.cpp
       Lib:
         C:\Program Files (x86)\Microsoft Visual Studio 12.0\VC\bin\Lib.exe /OUT:"C:\Users\P35\Documents\Visual Studio 2013\Projects\Live555\Release\BasicUsageEnvironment.lib" /NOLOGO /LTCG Release\BasicHashTable.obj
         Release\BasicTaskScheduler.obj
         Release\BasicTaskScheduler0.obj
         Release\BasicUsageEnvironment.obj
         Release\BasicUsageEnvironment0.obj
         Release\DelayQueue.obj
         BasicUsageEnvironment.vcxproj -> C:\Users\P35\Documents\Visual Studio 2013\Projects\Live555\Release\BasicUsageEnvironment.lib
     1>Done Building Project "C:\Users\P35\Documents\Visual Studio 2013\Projects\Live555\BasicUsageEnvironment\BasicUsageEnvironment.vcxproj" (Rebuild target(s)).

Build succeeded.

Time Elapsed 00:00:02.93
